{
  "RSpec": {
    "coverage": {
      "/home/olvap/projects/mosca/lib/mosca.rb": [
        1,
        null,
        1,
        null
      ],
      "/home/olvap/projects/mosca/lib/mosca/client.rb": [
        1,
        1,
        null,
        1,
        null,
        1,
        null,
        1,
        1,
        null,
        1,
        null,
        1,
        11,
        11,
        77,
        null,
        null,
        null,
        1,
        4,
        4,
        4,
        4,
        4,
        4,
        null,
        null,
        null,
        1,
        7,
        7,
        7,
        7,
        7,
        7,
        7,
        4,
        4,
        null,
        null,
        null,
        null,
        null,
        7,
        null,
        null,
        1,
        0,
        null,
        null,
        1,
        0,
        null,
        null,
        1,
        5,
        null,
        null,
        1,
        null,
        1,
        null,
        null,
        11,
        null,
        null,
        1,
        11,
        null,
        null,
        1,
        10,
        null,
        null,
        1,
        11,
        1,
        null,
        10,
        10,
        null,
        null,
        null,
        null,
        1,
        4,
        null,
        2,
        null,
        null,
        null,
        null
      ]
    },
    "timestamp": 1407367276
  }
}
